<?xml version="1.0" encoding="UTF-8"?>
<testng-results ignored="0" total="1" passed="1" failed="0" skipped="0">
  <reporter-output>
  </reporter-output>
  <suite started-at="2026-02-05T16:26:00 IST" name="Default suite" finished-at="2026-02-05T16:26:20 IST" duration-ms="20454">
    <groups>
      <group name="cucumber">
        <method signature="AbstractTestNGCucumberTests.runScenario(io.cucumber.testng.PickleWrapper,io.cucumber.testng.FeatureWrapper)[pri:0, instance:org.runnersample.TestRunner@233795b6]" name="runScenario" class="io.cucumber.testng.AbstractTestNGCucumberTests"/>
      </group> <!-- cucumber -->
    </groups>
    <test started-at="2026-02-05T16:26:00 IST" name="Default test" finished-at="2026-02-05T16:26:20 IST" duration-ms="20454">
      <class name="org.runnersample.TestRunner">
        <test-method is-config="true" signature="setUpClass(org.testng.ITestContext)[pri:0, instance:org.runnersample.TestRunner@233795b6]" started-at="2026-02-05T16:26:00 IST" name="setUpClass" finished-at="2026-02-05T16:26:00 IST" duration-ms="130" status="PASS">
          <params>
            <param index="0">
              <value>
                <![CDATA[org.testng.TestRunner@1813f3e9]]>
              </value>
            </param>
          </params>
          <reporter-output>
          </reporter-output>
        </test-method> <!-- setUpClass -->
        <test-method signature="runScenario(io.cucumber.testng.PickleWrapper,io.cucumber.testng.FeatureWrapper)[pri:0, instance:org.runnersample.TestRunner@233795b6]" started-at="2026-02-05T16:26:00 IST" name="runScenario" description="Runs Cucumber Scenarios" data-provider="scenarios" finished-at="2026-02-05T16:26:20 IST" duration-ms="20287" status="PASS">
          <params>
            <param index="0">
              <value>
                <![CDATA["Register new user with valid details"]]>
              </value>
            </param>
            <param index="1">
              <value>
                <![CDATA["Validate Adactin Hotel Register Functionality"]]>
              </value>
            </param>
          </params>
          <reporter-output>
          </reporter-output>
        </test-method> <!-- runScenario -->
        <test-method is-config="true" signature="tearDownClass()[pri:0, instance:org.runnersample.TestRunner@233795b6]" started-at="2026-02-05T16:26:20 IST" name="tearDownClass" finished-at="2026-02-05T16:26:20 IST" duration-ms="8" status="PASS">
          <reporter-output>
          </reporter-output>
        </test-method> <!-- tearDownClass -->
      </class> <!-- org.runnersample.TestRunner -->
    </test> <!-- Default test -->
  </suite> <!-- Default suite -->
</testng-results>
